{"level":"warn","message":"Unauthorized access! attempt at /api/user/all from IP: ::1"}
{"level":"warn","message":"Unauthorized access! attempt at /api/user/all from IP: ::1"}
{"level":"warn","message":"Unauthorized access! attempt at /api/user/all from IP: ::1"}
{"level":"info","message":{}}
{"level":"info","message":1}
{"level":"info","message":{}}
{"level":"info","message":1}
{"level":"warn","message":"Unauthorized access! attempt at /api/role/all from IP: ::ffff:127.0.0.1"}
{"level":"info","message":{}}
{"level":"info","message":1}
{"level":"warn","message":"Unauthorized access! attempt at /api/user/me from IP: ::1"}
{"level":"warn","message":"Unauthorized access! attempt at /api/user/me from IP: ::1"}
{"level":"warn","message":"Unauthorized access! attempt at /api/role/all from IP: ::1"}
{"level":"warn","message":"Unauthorized access! attempt at /api/role/all from IP: ::1"}
{"level":"warn","message":"Unauthorized access! attempt at /api/role/all from IP: ::1"}
{"level":"warn","message":"Unauthorized access! attempt at /api/role/all from IP: ::ffff:127.0.0.1"}
{"level":"warn","message":"Unauthorized access! attempt at /api/role/all from IP: ::ffff:127.0.0.1"}
{"level":"warn","message":"Unauthorized access! attempt at /api/role/all from IP: ::ffff:127.0.0.1"}
{"level":"info","message":{}}
{"level":"info","message":1}
{"level":"info","message":{}}
{"level":"info","message":1}
{"level":"info","message":{}}
{"level":"info","message":1}
{"level":"info","message":{}}
{"level":"info","message":1}
{"level":"info","message":{}}
{"level":"info","message":1}
{"level":"info","message":{}}
{"level":"info","message":1}
{"level":"warn","message":"Unauthorized access! attempt at /api/role/all from IP: ::ffff:127.0.0.1"}
{"level":"warn","message":"Unauthorized access! attempt at /api/role/all from IP: ::1"}
{"level":"info","message":{}}
{"level":"info","message":1}
{"level":"info","message":{}}
{"level":"info","message":1}
{"level":"info","message":{}}
{"level":"info","message":1}
{"level":"info","message":{}}
{"level":"info","message":1}
{"level":"warn","message":"Unauthorized access! attempt at /api/role/1 from IP: ::ffff:127.0.0.1"}
{"level":"warn","message":"Unauthorized access! attempt at /api/role/all from IP: ::1"}
{"level":"warn","message":"Unauthorized access! attempt at /api/role/all from IP: ::1"}
{"level":"warn","message":"Unauthorized access! attempt at /api/role/all from IP: ::1"}
{"level":"warn","message":"Unauthorized access! attempt at /api/role/all from IP: ::1"}
{"level":"warn","message":"Unauthorized access! attempt at /api/role/all from IP: ::ffff:127.0.0.1"}
{"level":"warn","message":"Unauthorized access! attempt at /api/role/all from IP: ::1"}
{"level":"info","message":{}}
{"level":"info","message":1}
{"level":"info","message":{}}
{"level":"info","message":1}
{"level":"info","message":{}}
{"level":"info","message":1}
{"level":"info","message":{}}
{"level":"info","message":1}
{"level":"info","message":{}}
{"level":"info","message":1}
{"level":"info","message":{}}
{"level":"info","message":1}
{"level":"info","message":{}}
{"level":"info","message":1}
{"level":"info","message":{}}
{"level":"info","message":1}
{"level":"info","message":{}}
{"level":"info","message":1}
{"level":"info","message":{}}
{"level":"info","message":1}
{"level":"info","message":{}}
{"level":"info","message":1}
{"level":"info","message":{}}
{"level":"info","message":1}
{"level":"info","message":{}}
{"level":"info","message":1}
{"level":"info","message":{}}
{"level":"info","message":1}
{"level":"info","message":{}}
{"level":"info","message":1}
{"level":"info","message":{}}
{"level":"info","message":1}
{"level":"info","message":{}}
{"level":"info","message":1}
{"level":"info","message":{}}
{"level":"info","message":1}
{"level":"info","message":{}}
{"level":"info","message":1}
{"level":"info","message":{}}
{"level":"info","message":1}
{"level":"info","message":{}}
{"level":"info","message":1}
{"level":"warn","message":"Unauthorized access! attempt at /api/role/all from IP: ::1"}
{"level":"warn","message":"Unauthorized access! attempt at /api/role/all from IP: ::1"}
{"level":"info","message":{}}
{"level":"info","message":1}
{"level":"info","message":{}}
{"level":"info","message":1}
{"level":"info","message":{}}
{"level":"info","message":1}
{"level":"info","message":{}}
{"level":"info","message":1}
{"level":"info","message":{}}
{"level":"info","message":1}
{"level":"info","message":{}}
{"level":"info","message":1}
{"level":"info","message":{}}
{"level":"info","message":1}
{"level":"info","message":{}}
{"level":"info","message":1}
{"level":"info","message":{}}
{"level":"info","message":1}
{"level":"info","message":{}}
{"level":"info","message":1}
{"level":"info","message":{}}
{"level":"info","message":1}
{"level":"info","message":{}}
{"level":"info","message":1}
{"level":"info","message":{}}
{"level":"info","message":1}
{"level":"info","message":{}}
{"level":"info","message":1}
{"level":"info","message":{}}
{"level":"info","message":1}
{"level":"info","message":{}}
{"level":"info","message":1}
{"level":"info","message":{}}
{"level":"info","message":1}
{"level":"info","message":{}}
{"level":"info","message":1}
{"level":"info","message":{}}
{"level":"info","message":1}
{"level":"info","message":{}}
{"level":"info","message":1}
{"level":"info","message":{}}
{"level":"info","message":1}
{"level":"info","message":{}}
{"level":"info","message":1}
{"level":"info","message":{}}
{"level":"info","message":1}
{"level":"info","message":{}}
{"level":"info","message":1}
{"level":"info","message":{}}
{"level":"info","message":1}
{"level":"info","message":{}}
{"level":"info","message":1}
{"level":"info","message":{}}
{"level":"info","message":1}
{"level":"info","message":{}}
{"level":"info","message":1}
{"level":"info","message":{}}
{"level":"info","message":1}
{"level":"info","message":{}}
{"level":"info","message":1}
{"level":"info","message":{}}
{"level":"info","message":1}
{"level":"info","message":{}}
{"level":"info","message":1}
{"level":"info","message":{}}
{"level":"info","message":1}
{"level":"info","message":{}}
{"level":"info","message":1}
{"level":"info","message":{}}
{"level":"info","message":1}
{"level":"info","message":{}}
{"level":"info","message":1}
{"level":"info","message":{}}
{"level":"info","message":1}
{"level":"info","message":{}}
{"level":"info","message":1}
{"level":"info","message":{}}
{"level":"info","message":1}
{"level":"info","message":{}}
{"level":"info","message":1}
{"level":"info","message":{}}
{"level":"info","message":1}
{"level":"info","message":{}}
{"level":"info","message":1}
{"level":"info","message":{}}
{"level":"info","message":1}
{"level":"info","message":{}}
{"level":"info","message":1}
{"level":"info","message":{}}
{"level":"info","message":1}
{"level":"info","message":{}}
{"level":"info","message":1}
{"level":"warn","message":"Unauthorized access! attempt at /api/role/all from IP: ::1"}
{"level":"warn","message":"Unauthorized access! attempt at /api/role/all from IP: ::1"}
{"level":"warn","message":"Unauthorized access! attempt at /api/role/all from IP: ::1"}
{"level":"warn","message":"Unauthorized access! attempt at /api/role/all from IP: ::1"}
{"level":"warn","message":"Unauthorized access! attempt at /api/role/all from IP: ::1"}
{"level":"info","message":{}}
{"level":"info","message":1}
{"level":"info","message":{}}
{"level":"info","message":1}
{"level":"info","message":{}}
{"level":"info","message":1}
{"level":"info","message":{}}
{"level":"info","message":1}
{"level":"info","message":{}}
{"level":"info","message":1}
{"level":"info","message":{}}
{"level":"info","message":1}
{"level":"info","message":{}}
{"level":"info","message":1}
{"level":"info","message":{}}
{"level":"info","message":1}
{"level":"info","message":{}}
{"level":"info","message":1}
{"level":"info","message":{}}
{"level":"info","message":1}
{"level":"info","message":{}}
{"level":"info","message":1}
{"level":"info","message":{}}
{"level":"info","message":1}
{"level":"info","message":{}}
{"level":"info","message":1}
{"level":"info","message":{}}
{"level":"info","message":1}
{"level":"info","message":{}}
{"level":"info","message":1}
{"level":"info","message":{}}
{"level":"info","message":1}
{"level":"info","message":{}}
{"level":"info","message":1}
{"level":"info","message":{}}
{"level":"info","message":1}
{"level":"info","message":{}}
{"level":"info","message":1}
{"level":"info","message":{}}
{"level":"info","message":1}
{"level":"info","message":{}}
{"level":"info","message":1}
{"level":"info","message":{}}
{"level":"info","message":1}
{"level":"info","message":{}}
{"level":"info","message":1}
{"level":"info","message":{}}
{"level":"info","message":1}
{"level":"info","message":{}}
{"level":"info","message":1}
{"level":"info","message":{}}
{"level":"info","message":1}
{"level":"warn","message":"Unauthorized access! attempt at /api/role/all from IP: ::1"}
{"level":"warn","message":"Unauthorized access! attempt at /api/role/all from IP: ::1"}
{"level":"warn","message":"Unauthorized access! attempt at /api/role/all from IP: ::1"}
{"level":"warn","message":"Unauthorized access! attempt at /api/role/all from IP: ::1"}
{"level":"warn","message":"Unauthorized access! attempt at /api/role/all from IP: ::1"}
{"level":"warn","message":"Unauthorized access! attempt at /api/role/all from IP: ::1"}
{"level":"warn","message":"Unauthorized access! attempt at /api/role/all from IP: ::1"}
{"level":"warn","message":"Unauthorized access! attempt at /api/role/all from IP: ::ffff:127.0.0.1"}
{"level":"warn","message":"Unauthorized access! attempt at /api/role/all from IP: ::1"}
{"level":"warn","message":"Unauthorized access! attempt at /api/role/all from IP: ::1"}
{"level":"warn","message":"Unauthorized access! attempt at /api/role/all from IP: ::1"}
{"level":"info","message":{}}
{"level":"info","message":1}
{"level":"info","message":{}}
{"level":"info","message":1}
{"level":"info","message":{}}
{"level":"info","message":1}
{"level":"info","message":{}}
{"level":"info","message":1}
{"level":"info","message":{}}
{"level":"info","message":1}
{"level":"info","message":{}}
{"level":"info","message":1}
{"level":"info","message":{}}
{"level":"info","message":1}
{"level":"info","message":{}}
{"level":"info","message":1}
{"level":"info","message":{}}
{"level":"info","message":1}
{"level":"info","message":{}}
{"level":"info","message":1}
{"level":"info","message":{}}
{"level":"info","message":1}
{"level":"info","message":{}}
{"level":"info","message":1}
{"level":"info","message":{}}
{"level":"info","message":1}
{"level":"info","message":{}}
{"level":"info","message":1}
{"level":"info","message":{}}
{"level":"info","message":1}
{"level":"info","message":{}}
{"level":"info","message":1}
{"level":"info","message":{}}
{"level":"info","message":1}
{"level":"info","message":{}}
{"level":"info","message":1}
{"level":"info","message":{}}
{"level":"info","message":1}
{"level":"info","message":{}}
{"level":"info","message":1}
{"level":"info","message":{}}
{"level":"info","message":1}
{"level":"info","message":{}}
{"level":"info","message":1}
{"level":"info","message":{}}
{"level":"info","message":1}
{"level":"info","message":{}}
{"level":"info","message":1}
{"level":"info","message":{}}
{"level":"info","message":1}
{"level":"info","message":{}}
{"level":"info","message":1}
{"level":"info","message":{}}
{"level":"info","message":1}
{"level":"info","message":{}}
{"level":"info","message":1}
{"level":"info","message":{}}
{"level":"info","message":1}
{"level":"info","message":{}}
{"level":"info","message":1}
{"level":"info","message":{}}
{"level":"info","message":1}
{"level":"info","message":{}}
{"level":"info","message":1}
{"level":"info","message":{}}
{"level":"info","message":1}
{"level":"info","message":{}}
{"level":"info","message":1}
{"level":"info","message":{}}
{"level":"info","message":1}
{"level":"info","message":{}}
{"level":"info","message":1}
{"level":"info","message":{}}
{"level":"info","message":1}
{"level":"info","message":{}}
{"level":"info","message":1}
{"level":"info","message":{}}
{"level":"info","message":1}
{"level":"info","message":{}}
{"level":"info","message":1}
{"level":"info","message":{}}
{"level":"info","message":1}
{"level":"info","message":{}}
{"level":"info","message":1}
{"level":"info","message":{}}
{"level":"info","message":1}
{"level":"info","message":{}}
{"level":"info","message":1}
{"level":"info","message":{}}
{"level":"info","message":1}
{"level":"info","message":{}}
{"level":"info","message":1}
{"level":"info","message":{}}
{"level":"info","message":1}
{"level":"info","message":{}}
{"level":"info","message":1}
{"level":"info","message":{}}
{"level":"info","message":1}
{"level":"info","message":{}}
{"level":"info","message":1}
{"level":"info","message":{}}
{"level":"info","message":1}
{"level":"info","message":{}}
{"level":"info","message":1}
{"level":"info","message":{}}
{"level":"info","message":1}
{"level":"info","message":{}}
{"level":"info","message":1}
{"level":"info","message":{}}
{"level":"info","message":1}
{"level":"info","message":{}}
{"level":"info","message":1}
{"level":"info","message":{}}
{"level":"info","message":1}
{"level":"info","message":{}}
{"level":"info","message":1}
{"level":"info","message":{}}
{"level":"info","message":1}
{"level":"info","message":{}}
{"level":"info","message":1}
{"level":"info","message":{}}
{"level":"info","message":1}
{"level":"info","message":{}}
{"level":"info","message":1}
{"level":"info","message":{}}
{"level":"info","message":1}
{"level":"info","message":{}}
{"level":"info","message":1}
{"level":"info","message":{}}
{"level":"info","message":1}
{"level":"info","message":{}}
{"level":"info","message":1}
{"level":"info","message":{}}
{"level":"info","message":1}
{"level":"info","message":{}}
{"level":"info","message":1}
{"level":"info","message":{}}
{"level":"info","message":1}
{"level":"info","message":{}}
{"level":"info","message":1}
{"level":"info","message":{}}
{"level":"info","message":1}
{"level":"info","message":{}}
{"level":"info","message":1}
{"level":"info","message":{}}
{"level":"info","message":1}
{"level":"info","message":{}}
{"level":"info","message":1}
{"level":"info","message":{}}
{"level":"info","message":1}
{"level":"info","message":{}}
{"level":"info","message":1}
{"level":"info","message":{}}
{"level":"info","message":1}
{"level":"info","message":{}}
{"level":"info","message":1}
{"level":"info","message":{}}
{"level":"info","message":1}
{"level":"info","message":{}}
{"level":"info","message":1}
{"level":"info","message":{}}
{"level":"info","message":1}
{"level":"info","message":{}}
{"level":"info","message":1}
{"level":"info","message":{}}
{"level":"info","message":1}
{"level":"info","message":{}}
{"level":"info","message":1}
{"level":"info","message":{}}
{"level":"info","message":1}
{"level":"info","message":{}}
{"level":"info","message":1}
{"level":"info","message":{}}
{"level":"info","message":1}
{"level":"info","message":{}}
{"level":"info","message":1}
{"level":"info","message":{}}
{"level":"info","message":1}
{"level":"info","message":{}}
{"level":"info","message":1}
{"level":"info","message":{}}
{"level":"info","message":1}
{"level":"info","message":{}}
{"level":"info","message":1}
{"level":"info","message":{}}
{"level":"info","message":1}
{"level":"info","message":{}}
{"level":"info","message":1}
{"level":"info","message":{}}
{"level":"info","message":1}
{"level":"info","message":{}}
{"level":"info","message":1}
{"level":"info","message":{}}
{"level":"info","message":1}
{"level":"info","message":{}}
{"level":"info","message":1}
{"level":"info","message":{}}
{"level":"info","message":1}
{"level":"info","message":{}}
{"level":"info","message":1}
{"level":"info","message":{}}
{"level":"info","message":1}
{"level":"info","message":{}}
{"level":"info","message":1}
{"level":"info","message":{}}
{"level":"info","message":1}
{"level":"info","message":{}}
{"level":"info","message":1}
{"level":"info","message":{}}
{"level":"info","message":1}
{"level":"info","message":{}}
{"level":"info","message":1}
{"level":"info","message":{}}
{"level":"info","message":1}
{"level":"info","message":{}}
{"level":"info","message":1}
{"level":"info","message":{}}
{"level":"info","message":1}
{"level":"info","message":{}}
{"level":"info","message":1}
{"level":"info","message":{}}
{"level":"info","message":1}
{"level":"info","message":{}}
{"level":"info","message":1}
{"level":"info","message":{}}
{"level":"info","message":1}
{"level":"info","message":"query"}
{"level":"info","message":1}
{"level":"info","message":"query"}
{"level":"info","message":1}
{"level":"info","message":"query"}
{"level":"info","message":1}
{"level":"info","message":"query","superuser":""}
{"level":"info","message":1}
{"level":"info","message":"query"}
{"level":"info","message":1}
{"level":"info","message":"query"}
{"level":"info","message":1}
{"level":"info","message":"query"}
{"level":"info","message":1}
{"level":"info","message":"query","search":"undefined"}
{"level":"info","message":1}
{"level":"info","message":"query","search":"undefined"}
{"level":"info","message":1}
{"level":"info","message":"query"}
{"level":"info","message":1}
{"level":"info","message":"query","search":"sdfsfdf"}
{"level":"info","message":1}
{"level":"info","message":"query"}
{"level":"info","message":1}
{"level":"info","message":"query","search":"sdfsfdf"}
{"level":"info","message":1}
{"level":"info","message":"Roles query","search":"undefined"}
{"level":"info","message":"Roles query","search":"undefined"}
{"level":"info","message":"Roles query","search":"undefined"}
{"level":"info","message":"Roles query","search":""}
{"level":"info","message":"Roles query","search":""}
{"level":"info","message":"Roles query","search":"super"}
{"level":"info","message":"Roles query","search":"superuser"}
{"level":"info","message":"Roles query","search":"superuser"}
{"level":"info","message":"Roles query","search":"user"}
{"level":"info","message":"Roles query","search":"user"}
{"level":"info","message":"Roles query","search":""}
{"level":"info","message":"Roles query","search":""}
{"level":"info","message":"Roles query","search":"admin"}
{"level":"info","message":"Roles query","search":"super"}
{"level":"info","message":"Roles query","search":"user"}
{"level":"info","message":"Roles query","search":""}
{"level":"info","message":"Roles query","search":"admin"}
{"level":"info","message":"Roles query"}
{"level":"info","message":"Roles query","search":"super"}
{"level":"info","message":"Roles query"}
{"level":"info","message":"Roles query"}
{"level":"info","message":"Roles query"}
{"level":"info","message":"Roles query","search":"superuser"}
{"level":"info","message":"Roles query","search":"superadmin"}
{"level":"info","message":"Roles query"}
{"level":"info","message":"Roles query","search":"admin"}
{"level":"info","message":"Roles query","search":""}
{"level":"info","message":"Roles query","search":""}
{"level":"info","message":"Get roles query: {\"search\":\"\"}","timestamp":"2025-02-19T10:17:16.823Z"}
{"level":"info","message":"Get roles error: PrismaClientValidationError: \nInvalid `prisma.role.findMany()` invocation in\nD:\\data\\node-project\\socialweb-api-prisma\\src\\services\\role.ts:48:19\n\n  45   : {};\n  46 \n  47 const [roles, totalCount] = await prisma.$transaction([\n→ 48   prisma.role.findMany({\n         where: {},\n         orderBy: {\n           role_id: \"ASC\"\n                    ~~~~~\n         },\n         skip: 0,\n         take: 10,\n         select: {\n           active: true,\n           role_id: true,\n           role_name: true,\n           permissions: true,\n           created_at: true,\n           updated_at: true\n         }\n       })\n\nInvalid value for argument `role_id`. Expected SortOrder.","timestamp":"2025-02-19T10:17:17.062Z"}
{"level":"info","message":"Get roles query: ","search":""}
{"level":"info","message":"Get roles error: PrismaClientValidationError: \nInvalid `prisma.role.findMany()` invocation in\nD:\\data\\node-project\\socialweb-api-prisma\\src\\services\\role.ts:48:19\n\n  45   : {};\n  46 \n  47 const [roles, totalCount] = await prisma.$transaction([\n→ 48   prisma.role.findMany({\n         where: {},\n         orderBy: {\n           role_id: \"ASC\"\n                    ~~~~~\n         },\n         skip: 0,\n         take: 10,\n         select: {\n           active: true,\n           role_id: true,\n           role_name: true,\n           permissions: true,\n           created_at: true,\n           updated_at: true\n         }\n       })\n\nInvalid value for argument `role_id`. Expected SortOrder."}
{"level":"info","message":"Get roles query: ","search":""}
{"level":"info","message":"Get roles error: PrismaClientValidationError: \nInvalid `prisma.role.findMany()` invocation in\nD:\\data\\node-project\\socialweb-api-prisma\\src\\services\\role.ts:48:19\n\n  45   : {};\n  46 \n  47 const [roles, totalCount] = await prisma.$transaction([\n→ 48   prisma.role.findMany({\n         where: {},\n         orderBy: {\n           role_id: \"ASC\"\n                    ~~~~~\n         },\n         skip: 0,\n         take: 10,\n         select: {\n           active: true,\n           role_id: true,\n           role_name: true,\n           permissions: true,\n           created_at: true,\n           updated_at: true\n         }\n       })\n\nInvalid value for argument `role_id`. Expected SortOrder."}
{"level":"info","message":"Get roles query: "}
{"level":"info","message":"Get roles error: PrismaClientValidationError: \nInvalid `prisma.role.findMany()` invocation in\nD:\\data\\node-project\\socialweb-api-prisma\\src\\services\\role.ts:48:19\n\n  45   : {};\n  46 \n  47 const [roles, totalCount] = await prisma.$transaction([\n→ 48   prisma.role.findMany({\n         where: {},\n         orderBy: {\n           role_id: \"ASC\"\n                    ~~~~~\n         },\n         skip: 0,\n         take: 10,\n         select: {\n           active: true,\n           role_id: true,\n           role_name: true,\n           permissions: true,\n           created_at: true,\n           updated_at: true\n         }\n       })\n\nInvalid value for argument `role_id`. Expected SortOrder."}
{"level":"info","message":"Get roles query: ","search":""}
{"level":"info","message":"Get roles error: PrismaClientValidationError: \nInvalid `prisma.role.findMany()` invocation in\nD:\\data\\node-project\\socialweb-api-prisma\\src\\services\\role.ts:48:19\n\n  45   : {};\n  46 \n  47 const [roles, totalCount] = await prisma.$transaction([\n→ 48   prisma.role.findMany({\n         where: {},\n         orderBy: {\n           role_id: \"ASC\"\n                    ~~~~~\n         },\n         skip: 0,\n         take: 10,\n         select: {\n           active: true,\n           role_id: true,\n           role_name: true,\n           permissions: true,\n           created_at: true,\n           updated_at: true\n         }\n       })\n\nInvalid value for argument `role_id`. Expected SortOrder."}
{"level":"info","message":"Get roles query: ","search":""}
{"level":"info","message":"Get roles query: ","search":""}
{"level":"info","message":"Get roles query: ","search":""}
{"level":"info","message":"Get roles query: ","search":""}
{"level":"info","message":"Get roles query: ","search":""}
{"level":"info","message":"Get roles query: ","search":""}
{"level":"info","message":"Get roles query: ","search":""}
{"level":"info","message":"Get roles query: ","search":""}
{"level":"info","message":"Get roles query: ","search":""}
{"level":"info","message":"Get roles query: ","search":""}
{"level":"info","message":"Get roles query: ","search":""}
{"level":"info","message":"Get roles query: "}
{"level":"info","message":"Get roles query: "}
{"level":"info","message":"Get roles query: "}
{"level":"info","message":"Get roles query: "}
{"level":"info","message":"Get roles query: ","page":"1"}
{"level":"info","message":"Get roles query: ","page":"1"}
{"level":"info","message":"Get roles query: ","page":"1"}
{"level":"info","message":"Get roles query: ","page":"1"}
{"level":"info","message":"Get roles query: ","page":"1"}
{"level":"info","message":"Get roles query: ","page":"1"}
{"level":"info","message":"Get roles query: ","page":"1"}
{"level":"info","message":"Get roles query: ","page":"1"}
{"level":"info","message":"Get roles query: ","page":"1"}
{"level":"info","message":"Get roles query: ","page":"1"}
{"level":"info","message":"Get roles query: ","page":"1"}
{"level":"info","message":"Get roles query: ","page":"1"}
{"level":"info","message":"Get roles query: ","page":"1"}
{"level":"info","message":"Get roles query: ","page":"1"}
{"level":"info","message":"Get roles query: ","page":"1"}
{"level":"info","message":"Get roles query: ","page":"1"}
{"level":"info","message":"Get roles query: ","page":"1"}
{"level":"info","message":"Get roles query: ","page":"1"}
{"level":"info","message":"Get roles query: ","page":"1"}
{"level":"info","message":"Get roles query: ","page":"1"}
{"level":"info","message":"Get roles query: ","page":"1"}
{"level":"info","message":"Get roles query: ","page":"1"}
{"level":"info","message":"Get roles query: ","page":"1"}
{"level":"info","message":"Get roles query: ","page":"1"}
{"level":"info","message":"Get roles query: ","page":"1"}
{"level":"info","message":"Get roles query: ","page":"1"}
{"level":"info","message":"Get roles query: ","page":"1"}
{"level":"info","message":"Get roles query: ","page":"1"}
{"level":"info","message":"Get roles query: ","page":"1"}
{"level":"info","message":"Get roles query: ","page":"1"}
{"level":"info","message":"Get roles query: ","page":"1"}
{"level":"info","message":"Get roles query: ","page":"1"}
{"level":"info","message":"Get roles query: ","page":"1"}
{"level":"info","message":"Get roles query: ","page":"1"}
{"level":"info","message":"Get roles query: ","page":"1"}
{"level":"info","message":"Get roles query: ","page":"1"}
{"level":"info","message":"Get roles query: ","page":"1"}
{"level":"info","message":"Get roles query: ","page":"1"}
{"level":"info","message":"Get roles query: ","page":"1","search":"sr"}
{"level":"info","message":"Get roles query: ","page":"1"}
{"level":"info","message":"Get roles query: ","page":"1"}
{"level":"info","message":"Get roles query: ","page":"1"}
{"level":"info","message":"Get roles query: ","page":"1"}
{"level":"info","message":"Get roles query: ","page":"1"}
{"level":"info","message":"Get roles query: ","page":"1"}
{"level":"info","message":"Get roles query: ","page":"1"}
{"level":"info","message":"Get roles query: ","page":"1"}
{"level":"info","message":"Get roles query: ","page":"1"}
{"level":"info","message":"Get roles query: ","page":"1"}
{"level":"info","message":"Get roles query: ","page":"1"}
{"level":"info","message":"Get roles query: ","page":"1"}
{"level":"info","message":"Get roles query: ","page":"1"}
{"level":"info","message":"Get roles query: ","page":"1"}
{"level":"info","message":"Get roles query: ","page":"1"}
{"level":"info","message":"Get roles query: ","page":"1"}
{"level":"info","message":"Get roles query: ","page":"1"}
{"level":"info","message":"Get roles query: ","page":"1"}
